<?xml version="1.0"?>
<!DOCTYPE coverage SYSTEM "http://cobertura.sourceforge.net/xml/coverage-04.dtd">

<coverage line-rate="0.6403508771929824" branch-rate="0.31645569620253167" lines-covered="73" lines-valid="114" branches-covered="25" branches-valid="79" complexity="3.05" version="2.1.1" timestamp="1666855672585">
	<sources>
		<source>--source</source>
		<source>C:/Users/Kirill/Documents/Projects/Calculator/src/main/java</source>
	</sources>
	<packages>
		<package name="by.belstu.it.lyskov.calculator" line-rate="0.6403508771929824" branch-rate="0.31645569620253167" complexity="3.05">
			<classes>
				<class name="by.belstu.it.lyskov.calculator.Calculator" filename="by/belstu/it/lyskov/calculator/Calculator.java" line-rate="0.6619718309859155" branch-rate="0.41025641025641024" complexity="5.571428571428571">
					<methods>
						<method name="&lt;init&gt;" signature="()V" line-rate="1.0" branch-rate="1.0" complexity="0">
							<lines>
								<line number="9" hits="4" branch="false"/>
							</lines>
						</method>
						<method name="run" signature="()V" line-rate="0.0" branch-rate="0.0" complexity="0">
							<lines>
								<line number="13" hits="0" branch="false"/>
								<line number="14" hits="0" branch="false"/>
								<line number="15" hits="0" branch="false"/>
								<line number="17" hits="0" branch="false"/>
								<line number="18" hits="0" branch="true" condition-coverage="0% (0/4)">
									<conditions>
										<condition number="0" type="jump" coverage="0%"/>
										<condition number="1" type="jump" coverage="0%"/>
									</conditions>
								</line>
								<line number="19" hits="0" branch="false"/>
								<line number="20" hits="0" branch="true" condition-coverage="0% (0/2)">
									<conditions>
										<condition number="0" type="jump" coverage="0%"/>
									</conditions>
								</line>
								<line number="21" hits="0" branch="false"/>
								<line number="23" hits="0" branch="false"/>
								<line number="24" hits="0" branch="false"/>
								<line number="25" hits="0" branch="true" condition-coverage="0% (0/2)">
									<conditions>
										<condition number="0" type="jump" coverage="0%"/>
									</conditions>
								</line>
								<line number="26" hits="0" branch="false"/>
								<line number="27" hits="0" branch="false"/>
								<line number="29" hits="0" branch="false"/>
								<line number="30" hits="0" branch="false"/>
							</lines>
						</method>
						<method name="solve" signature="(Ljava/lang/String;)Ljava/util/Optional;" line-rate="0.8363636363636363" branch-rate="0.5161290322580645" complexity="0">
							<lines>
								<line number="33" hits="4" branch="false"/>
								<line number="34" hits="4" branch="false"/>
								<line number="35" hits="4" branch="false"/>
								<line number="36" hits="4" branch="true" condition-coverage="50% (1/2)">
									<conditions>
										<condition number="0" type="jump" coverage="50%"/>
									</conditions>
								</line>
								<line number="37" hits="4" branch="false"/>
								<line number="38" hits="4" branch="false"/>
								<line number="39" hits="29" branch="true" condition-coverage="50% (1/2)">
									<conditions>
										<condition number="0" type="jump" coverage="50%"/>
									</conditions>
								</line>
								<line number="40" hits="29" branch="true" condition-coverage="100% (2/2)">
									<conditions>
										<condition number="0" type="jump" coverage="100%"/>
									</conditions>
								</line>
								<line number="41" hits="4" branch="false"/>
								<line number="42" hits="4" branch="false"/>
								<line number="44" hits="25" branch="true" condition-coverage="100% (2/2)">
									<conditions>
										<condition number="0" type="jump" coverage="100%"/>
									</conditions>
								</line>
								<line number="45" hits="4" branch="true" condition-coverage="50% (1/2)">
									<conditions>
										<condition number="0" type="jump" coverage="50%"/>
									</conditions>
								</line>
								<line number="46" hits="4" branch="false"/>
								<line number="47" hits="4" branch="false"/>
								<line number="49" hits="4" branch="false"/>
								<line number="51" hits="21" branch="false"/>
								<line number="54" hits="4" branch="false"/>
								<line number="60" hits="4" branch="false"/>
								<line number="71" hits="4" branch="false"/>
								<line number="72" hits="4" branch="false"/>
								<line number="77" hits="4" branch="false"/>
								<line number="78" hits="4" branch="false"/>
								<line number="79" hits="8" branch="true" condition-coverage="100% (2/2)">
									<conditions>
										<condition number="0" type="jump" coverage="100%"/>
									</conditions>
								</line>
								<line number="80" hits="4" branch="false"/>
								<line number="81" hits="4" branch="false"/>
								<line number="82" hits="4" branch="false"/>
								<line number="83" hits="4" branch="false"/>
								<line number="89" hits="4" branch="false"/>
								<line number="95" hits="4" branch="true" condition-coverage="50% (1/2)">
									<conditions>
										<condition number="0" type="jump" coverage="50%"/>
									</conditions>
								</line>
								<line number="96" hits="4" branch="false"/>
								<line number="97" hits="4" branch="true" condition-coverage="50% (1/2)">
									<conditions>
										<condition number="0" type="jump" coverage="50%"/>
									</conditions>
								</line>
								<line number="98" hits="4" branch="false"/>
								<line number="99" hits="4" branch="false"/>
								<line number="100" hits="4" branch="true" condition-coverage="50% (1/2)">
									<conditions>
										<condition number="0" type="jump" coverage="50%"/>
									</conditions>
								</line>
								<line number="101" hits="4" branch="false"/>
								<line number="102" hits="4" branch="true" condition-coverage="0% (0/2)">
									<conditions>
										<condition number="0" type="jump" coverage="0%"/>
									</conditions>
								</line>
								<line number="103" hits="0" branch="false"/>
								<line number="104" hits="0" branch="true" condition-coverage="0% (0/2)">
									<conditions>
										<condition number="0" type="jump" coverage="0%"/>
									</conditions>
								</line>
								<line number="105" hits="0" branch="false"/>
								<line number="106" hits="0" branch="false"/>
								<line number="107" hits="0" branch="true" condition-coverage="0% (0/2)">
									<conditions>
										<condition number="0" type="jump" coverage="0%"/>
									</conditions>
								</line>
								<line number="108" hits="0" branch="false"/>
								<line number="109" hits="0" branch="false"/>
								<line number="110" hits="0" branch="true" condition-coverage="0% (0/2)">
									<conditions>
										<condition number="0" type="jump" coverage="0%"/>
									</conditions>
								</line>
								<line number="111" hits="0" branch="false"/>
								<line number="113" hits="4" branch="true" condition-coverage="80% (4/5)">
									<conditions>
										<condition number="0" type="switch" coverage="80%"/>
									</conditions>
								</line>
								<line number="115" hits="1" branch="false"/>
								<line number="116" hits="1" branch="false"/>
								<line number="118" hits="1" branch="false"/>
								<line number="119" hits="1" branch="false"/>
								<line number="121" hits="1" branch="false"/>
								<line number="122" hits="1" branch="false"/>
								<line number="124" hits="1" branch="false"/>
								<line number="128" hits="4" branch="false"/>
								<line number="130" hits="4" branch="false"/>
							</lines>
						</method>
					</methods>
					<lines>
						<line number="9" hits="4" branch="false"/>
						<line number="13" hits="0" branch="false"/>
						<line number="14" hits="0" branch="false"/>
						<line number="15" hits="0" branch="false"/>
						<line number="17" hits="0" branch="false"/>
						<line number="18" hits="0" branch="true" condition-coverage="0% (0/4)">
							<conditions>
								<condition number="0" type="jump" coverage="0%"/>
								<condition number="1" type="jump" coverage="0%"/>
							</conditions>
						</line>
						<line number="19" hits="0" branch="false"/>
						<line number="20" hits="0" branch="true" condition-coverage="0% (0/2)">
							<conditions>
								<condition number="0" type="jump" coverage="0%"/>
							</conditions>
						</line>
						<line number="21" hits="0" branch="false"/>
						<line number="23" hits="0" branch="false"/>
						<line number="24" hits="0" branch="false"/>
						<line number="25" hits="0" branch="true" condition-coverage="0% (0/2)">
							<conditions>
								<condition number="0" type="jump" coverage="0%"/>
							</conditions>
						</line>
						<line number="26" hits="0" branch="false"/>
						<line number="27" hits="0" branch="false"/>
						<line number="29" hits="0" branch="false"/>
						<line number="30" hits="0" branch="false"/>
						<line number="33" hits="4" branch="false"/>
						<line number="34" hits="4" branch="false"/>
						<line number="35" hits="4" branch="false"/>
						<line number="36" hits="4" branch="true" condition-coverage="50% (1/2)">
							<conditions>
								<condition number="0" type="jump" coverage="50%"/>
							</conditions>
						</line>
						<line number="37" hits="4" branch="false"/>
						<line number="38" hits="4" branch="false"/>
						<line number="39" hits="29" branch="true" condition-coverage="50% (1/2)">
							<conditions>
								<condition number="0" type="jump" coverage="50%"/>
							</conditions>
						</line>
						<line number="40" hits="29" branch="true" condition-coverage="100% (2/2)">
							<conditions>
								<condition number="0" type="jump" coverage="100%"/>
							</conditions>
						</line>
						<line number="41" hits="4" branch="false"/>
						<line number="42" hits="4" branch="false"/>
						<line number="44" hits="25" branch="true" condition-coverage="100% (2/2)">
							<conditions>
								<condition number="0" type="jump" coverage="100%"/>
							</conditions>
						</line>
						<line number="45" hits="4" branch="true" condition-coverage="50% (1/2)">
							<conditions>
								<condition number="0" type="jump" coverage="50%"/>
							</conditions>
						</line>
						<line number="46" hits="4" branch="false"/>
						<line number="47" hits="4" branch="false"/>
						<line number="49" hits="4" branch="false"/>
						<line number="51" hits="21" branch="false"/>
						<line number="54" hits="4" branch="false"/>
						<line number="60" hits="4" branch="false"/>
						<line number="71" hits="4" branch="false"/>
						<line number="72" hits="4" branch="false"/>
						<line number="77" hits="4" branch="false"/>
						<line number="78" hits="4" branch="false"/>
						<line number="79" hits="8" branch="true" condition-coverage="100% (2/2)">
							<conditions>
								<condition number="0" type="jump" coverage="100%"/>
							</conditions>
						</line>
						<line number="80" hits="4" branch="false"/>
						<line number="81" hits="4" branch="false"/>
						<line number="82" hits="4" branch="false"/>
						<line number="83" hits="4" branch="false"/>
						<line number="89" hits="4" branch="false"/>
						<line number="95" hits="4" branch="true" condition-coverage="50% (1/2)">
							<conditions>
								<condition number="0" type="jump" coverage="50%"/>
							</conditions>
						</line>
						<line number="96" hits="4" branch="false"/>
						<line number="97" hits="4" branch="true" condition-coverage="50% (1/2)">
							<conditions>
								<condition number="0" type="jump" coverage="50%"/>
							</conditions>
						</line>
						<line number="98" hits="4" branch="false"/>
						<line number="99" hits="4" branch="false"/>
						<line number="100" hits="4" branch="true" condition-coverage="50% (1/2)">
							<conditions>
								<condition number="0" type="jump" coverage="50%"/>
							</conditions>
						</line>
						<line number="101" hits="4" branch="false"/>
						<line number="102" hits="4" branch="true" condition-coverage="0% (0/2)">
							<conditions>
								<condition number="0" type="jump" coverage="0%"/>
							</conditions>
						</line>
						<line number="103" hits="0" branch="false"/>
						<line number="104" hits="0" branch="true" condition-coverage="0% (0/2)">
							<conditions>
								<condition number="0" type="jump" coverage="0%"/>
							</conditions>
						</line>
						<line number="105" hits="0" branch="false"/>
						<line number="106" hits="0" branch="false"/>
						<line number="107" hits="0" branch="true" condition-coverage="0% (0/2)">
							<conditions>
								<condition number="0" type="jump" coverage="0%"/>
							</conditions>
						</line>
						<line number="108" hits="0" branch="false"/>
						<line number="109" hits="0" branch="false"/>
						<line number="110" hits="0" branch="true" condition-coverage="0% (0/2)">
							<conditions>
								<condition number="0" type="jump" coverage="0%"/>
							</conditions>
						</line>
						<line number="111" hits="0" branch="false"/>
						<line number="113" hits="4" branch="true" condition-coverage="80% (4/5)">
							<conditions>
								<condition number="0" type="switch" coverage="80%"/>
							</conditions>
						</line>
						<line number="115" hits="1" branch="false"/>
						<line number="116" hits="1" branch="false"/>
						<line number="118" hits="1" branch="false"/>
						<line number="119" hits="1" branch="false"/>
						<line number="121" hits="1" branch="false"/>
						<line number="122" hits="1" branch="false"/>
						<line number="124" hits="1" branch="false"/>
						<line number="128" hits="4" branch="false"/>
						<line number="130" hits="4" branch="false"/>
					</lines>
				</class>
				<class name="by.belstu.it.lyskov.calculator.Calculator$1" filename="by/belstu/it/lyskov/calculator/Calculator.java" line-rate="0.125" branch-rate="0.0" complexity="5.571428571428571">
					<methods>
						<method name="&lt;init&gt;" signature="(Lby/belstu/it/lyskov/calculator/Calculator;)V" line-rate="1.0" branch-rate="1.0" complexity="0">
							<lines>
							</lines>
						</method>
						<method name="compare" signature="(Lby/belstu/it/lyskov/calculator/CalculatorToken;Lby/belstu/it/lyskov/calculator/CalculatorToken;)I" line-rate="0.0" branch-rate="0.0" complexity="0">
							<lines>
								<line number="63" hits="0" branch="true" condition-coverage="0% (0/4)">
									<conditions>
										<condition number="0" type="jump" coverage="0%"/>
										<condition number="1" type="jump" coverage="0%"/>
									</conditions>
								</line>
								<line number="64" hits="0" branch="true" condition-coverage="0% (0/4)">
									<conditions>
										<condition number="0" type="jump" coverage="0%"/>
										<condition number="1" type="jump" coverage="0%"/>
									</conditions>
								</line>
								<line number="65" hits="0" branch="false"/>
								<line number="66" hits="0" branch="true" condition-coverage="0% (0/4)">
									<conditions>
										<condition number="0" type="jump" coverage="0%"/>
										<condition number="1" type="jump" coverage="0%"/>
									</conditions>
								</line>
								<line number="67" hits="0" branch="true" condition-coverage="0% (0/4)">
									<conditions>
										<condition number="0" type="jump" coverage="0%"/>
										<condition number="1" type="jump" coverage="0%"/>
									</conditions>
								</line>
								<line number="68" hits="0" branch="false"/>
								<line number="69" hits="0" branch="false"/>
							</lines>
						</method>
						<method name="compare" signature="(Ljava/lang/Object;Ljava/lang/Object;)I" line-rate="1.0" branch-rate="1.0" complexity="0">
							<lines>
								<line number="60" hits="4" branch="false"/>
							</lines>
						</method>
					</methods>
					<lines>
						<line number="60" hits="4" branch="false"/>
						<line number="63" hits="0" branch="true" condition-coverage="0% (0/4)">
							<conditions>
								<condition number="0" type="jump" coverage="0%"/>
								<condition number="1" type="jump" coverage="0%"/>
							</conditions>
						</line>
						<line number="64" hits="0" branch="true" condition-coverage="0% (0/4)">
							<conditions>
								<condition number="0" type="jump" coverage="0%"/>
								<condition number="1" type="jump" coverage="0%"/>
							</conditions>
						</line>
						<line number="65" hits="0" branch="false"/>
						<line number="66" hits="0" branch="true" condition-coverage="0% (0/4)">
							<conditions>
								<condition number="0" type="jump" coverage="0%"/>
								<condition number="1" type="jump" coverage="0%"/>
							</conditions>
						</line>
						<line number="67" hits="0" branch="true" condition-coverage="0% (0/4)">
							<conditions>
								<condition number="0" type="jump" coverage="0%"/>
								<condition number="1" type="jump" coverage="0%"/>
							</conditions>
						</line>
						<line number="68" hits="0" branch="false"/>
						<line number="69" hits="0" branch="false"/>
					</lines>
				</class>
				<class name="by.belstu.it.lyskov.calculator.Calculator$2" filename="by/belstu/it/lyskov/calculator/Calculator.java" line-rate="1.0" branch-rate="1.0" complexity="5.571428571428571">
					<methods>
						<method name="&lt;init&gt;" signature="(Lby/belstu/it/lyskov/calculator/Calculator;)V" line-rate="1.0" branch-rate="1.0" complexity="0">
							<lines>
							</lines>
						</method>
						<method name="test" signature="(Lby/belstu/it/lyskov/calculator/CalculatorToken;)Z" line-rate="1.0" branch-rate="1.0" complexity="0">
							<lines>
								<line number="57" hits="12" branch="false"/>
							</lines>
						</method>
						<method name="test" signature="(Ljava/lang/Object;)Z" line-rate="1.0" branch-rate="1.0" complexity="0">
							<lines>
								<line number="54" hits="16" branch="false"/>
							</lines>
						</method>
					</methods>
					<lines>
						<line number="54" hits="16" branch="false"/>
						<line number="57" hits="12" branch="false"/>
					</lines>
				</class>
				<class name="by.belstu.it.lyskov.calculator.Calculator$3" filename="by/belstu/it/lyskov/calculator/Calculator.java" line-rate="1.0" branch-rate="1.0" complexity="5.571428571428571">
					<methods>
						<method name="&lt;init&gt;" signature="(Lby/belstu/it/lyskov/calculator/Calculator;)V" line-rate="1.0" branch-rate="1.0" complexity="0">
							<lines>
							</lines>
						</method>
						<method name="test" signature="(Lby/belstu/it/lyskov/calculator/CalculatorToken;)Z" line-rate="1.0" branch-rate="1.0" complexity="0">
							<lines>
								<line number="75" hits="12" branch="false"/>
							</lines>
						</method>
						<method name="test" signature="(Ljava/lang/Object;)Z" line-rate="1.0" branch-rate="1.0" complexity="0">
							<lines>
								<line number="72" hits="16" branch="false"/>
							</lines>
						</method>
					</methods>
					<lines>
						<line number="72" hits="16" branch="false"/>
						<line number="75" hits="12" branch="false"/>
					</lines>
				</class>
				<class name="by.belstu.it.lyskov.calculator.Calculator$4" filename="by/belstu/it/lyskov/calculator/Calculator.java" line-rate="1.0" branch-rate="0.5" complexity="5.571428571428571">
					<methods>
						<method name="&lt;init&gt;" signature="(Lby/belstu/it/lyskov/calculator/Calculator;Lby/belstu/it/lyskov/calculator/CalculatorToken;)V" line-rate="1.0" branch-rate="1.0" complexity="0">
							<lines>
							</lines>
						</method>
						<method name="test" signature="(Lby/belstu/it/lyskov/calculator/CalculatorToken;)Z" line-rate="1.0" branch-rate="0.5" complexity="0">
							<lines>
								<line number="86" hits="4" branch="true" condition-coverage="50% (1/2)">
									<conditions>
										<condition number="0" type="jump" coverage="50%"/>
									</conditions>
								</line>
							</lines>
						</method>
						<method name="test" signature="(Ljava/lang/Object;)Z" line-rate="1.0" branch-rate="1.0" complexity="0">
							<lines>
								<line number="83" hits="8" branch="false"/>
							</lines>
						</method>
					</methods>
					<lines>
						<line number="83" hits="8" branch="false"/>
						<line number="86" hits="4" branch="true" condition-coverage="50% (1/2)">
							<conditions>
								<condition number="0" type="jump" coverage="50%"/>
							</conditions>
						</line>
					</lines>
				</class>
				<class name="by.belstu.it.lyskov.calculator.Calculator$5" filename="by/belstu/it/lyskov/calculator/Calculator.java" line-rate="1.0" branch-rate="1.0" complexity="5.571428571428571">
					<methods>
						<method name="&lt;init&gt;" signature="(Lby/belstu/it/lyskov/calculator/Calculator;Lby/belstu/it/lyskov/calculator/CalculatorToken;)V" line-rate="1.0" branch-rate="1.0" complexity="0">
							<lines>
							</lines>
						</method>
						<method name="test" signature="(Lby/belstu/it/lyskov/calculator/CalculatorToken;)Z" line-rate="1.0" branch-rate="1.0" complexity="0">
							<lines>
								<line number="92" hits="8" branch="true" condition-coverage="100% (2/2)">
									<conditions>
										<condition number="0" type="jump" coverage="100%"/>
									</conditions>
								</line>
							</lines>
						</method>
						<method name="test" signature="(Ljava/lang/Object;)Z" line-rate="1.0" branch-rate="1.0" complexity="0">
							<lines>
								<line number="89" hits="12" branch="false"/>
							</lines>
						</method>
					</methods>
					<lines>
						<line number="89" hits="12" branch="false"/>
						<line number="92" hits="8" branch="true" condition-coverage="100% (2/2)">
							<conditions>
								<condition number="0" type="jump" coverage="100%"/>
							</conditions>
						</line>
					</lines>
				</class>
				<class name="by.belstu.it.lyskov.calculator.CalculatorApplication" filename="by/belstu/it/lyskov/calculator/CalculatorApplication.java" line-rate="0.0" branch-rate="1.0" complexity="1.0">
					<methods>
						<method name="&lt;init&gt;" signature="()V" line-rate="0.0" branch-rate="1.0" complexity="0">
							<lines>
								<line number="3" hits="0" branch="false"/>
							</lines>
						</method>
						<method name="main" signature="([Ljava/lang/String;)V" line-rate="0.0" branch-rate="1.0" complexity="0">
							<lines>
								<line number="6" hits="0" branch="false"/>
								<line number="7" hits="0" branch="false"/>
								<line number="8" hits="0" branch="false"/>
							</lines>
						</method>
					</methods>
					<lines>
						<line number="3" hits="0" branch="false"/>
						<line number="6" hits="0" branch="false"/>
						<line number="7" hits="0" branch="false"/>
						<line number="8" hits="0" branch="false"/>
					</lines>
				</class>
				<class name="by.belstu.it.lyskov.calculator.CalculatorToken" filename="by/belstu/it/lyskov/calculator/CalculatorToken.java" line-rate="0.7391304347826086" branch-rate="0.3" complexity="1.75">
					<methods>
						<method name="&lt;init&gt;" signature="(Ljava/lang/Character;I)V" line-rate="1.0" branch-rate="1.0" complexity="0">
							<lines>
								<line number="16" hits="4" branch="false"/>
								<line number="17" hits="4" branch="false"/>
								<line number="18" hits="4" branch="false"/>
								<line number="19" hits="4" branch="false"/>
								<line number="20" hits="4" branch="false"/>
							</lines>
						</method>
						<method name="&lt;init&gt;" signature="(Ljava/lang/Double;I)V" line-rate="1.0" branch-rate="1.0" complexity="0">
							<lines>
								<line number="10" hits="8" branch="false"/>
								<line number="11" hits="8" branch="false"/>
								<line number="12" hits="8" branch="false"/>
								<line number="13" hits="8" branch="false"/>
								<line number="14" hits="8" branch="false"/>
							</lines>
						</method>
						<method name="equals" signature="(Ljava/lang/Object;)Z" line-rate="0.0" branch-rate="0.0" complexity="0">
							<lines>
								<line number="52" hits="0" branch="true" condition-coverage="0% (0/2)">
									<conditions>
										<condition number="0" type="jump" coverage="0%"/>
									</conditions>
								</line>
								<line number="53" hits="0" branch="true" condition-coverage="0% (0/4)">
									<conditions>
										<condition number="0" type="jump" coverage="0%"/>
										<condition number="1" type="jump" coverage="0%"/>
									</conditions>
								</line>
								<line number="54" hits="0" branch="false"/>
								<line number="55" hits="0" branch="true" condition-coverage="0% (0/6)">
									<conditions>
										<condition number="0" type="jump" coverage="0%"/>
										<condition number="1" type="jump" coverage="0%"/>
										<condition number="2" type="jump" coverage="0%"/>
									</conditions>
								</line>
							</lines>
						</method>
						<method name="getIndex" signature="()I" line-rate="1.0" branch-rate="1.0" complexity="0">
							<lines>
								<line number="47" hits="24" branch="false"/>
							</lines>
						</method>
						<method name="getNumber" signature="()Ljava/lang/Double;" line-rate="1.0" branch-rate="1.0" complexity="0">
							<lines>
								<line number="39" hits="8" branch="false"/>
							</lines>
						</method>
						<method name="getOperation" signature="()Ljava/lang/Character;" line-rate="1.0" branch-rate="1.0" complexity="0">
							<lines>
								<line number="43" hits="4" branch="false"/>
							</lines>
						</method>
						<method name="hashCode" signature="()I" line-rate="0.0" branch-rate="1.0" complexity="0">
							<lines>
								<line number="60" hits="0" branch="false"/>
							</lines>
						</method>
						<method name="isNumber" signature="()Z" line-rate="1.0" branch-rate="0.75" complexity="0">
							<lines>
								<line number="31" hits="12" branch="true" condition-coverage="75% (3/4)">
									<conditions>
										<condition number="0" type="jump" coverage="100%"/>
										<condition number="1" type="jump" coverage="50%"/>
									</conditions>
								</line>
							</lines>
						</method>
						<method name="isOperation" signature="()Z" line-rate="1.0" branch-rate="0.75" complexity="0">
							<lines>
								<line number="35" hits="12" branch="true" condition-coverage="75% (3/4)">
									<conditions>
										<condition number="0" type="jump" coverage="100%"/>
										<condition number="1" type="jump" coverage="50%"/>
									</conditions>
								</line>
							</lines>
						</method>
						<method name="number" signature="(Ljava/lang/Double;I)Lby/belstu/it/lyskov/calculator/CalculatorToken;" line-rate="1.0" branch-rate="1.0" complexity="0">
							<lines>
								<line number="23" hits="8" branch="false"/>
							</lines>
						</method>
						<method name="operation" signature="(Ljava/lang/Character;I)Lby/belstu/it/lyskov/calculator/CalculatorToken;" line-rate="1.0" branch-rate="1.0" complexity="0">
							<lines>
								<line number="27" hits="4" branch="false"/>
							</lines>
						</method>
						<method name="toString" signature="()Ljava/lang/String;" line-rate="0.0" branch-rate="1.0" complexity="0">
							<lines>
								<line number="65" hits="0" branch="false"/>
							</lines>
						</method>
					</methods>
					<lines>
						<line number="10" hits="8" branch="false"/>
						<line number="11" hits="8" branch="false"/>
						<line number="12" hits="8" branch="false"/>
						<line number="13" hits="8" branch="false"/>
						<line number="14" hits="8" branch="false"/>
						<line number="16" hits="4" branch="false"/>
						<line number="17" hits="4" branch="false"/>
						<line number="18" hits="4" branch="false"/>
						<line number="19" hits="4" branch="false"/>
						<line number="20" hits="4" branch="false"/>
						<line number="23" hits="8" branch="false"/>
						<line number="27" hits="4" branch="false"/>
						<line number="31" hits="12" branch="true" condition-coverage="75% (3/4)">
							<conditions>
								<condition number="0" type="jump" coverage="100%"/>
								<condition number="1" type="jump" coverage="50%"/>
							</conditions>
						</line>
						<line number="35" hits="12" branch="true" condition-coverage="75% (3/4)">
							<conditions>
								<condition number="0" type="jump" coverage="100%"/>
								<condition number="1" type="jump" coverage="50%"/>
							</conditions>
						</line>
						<line number="39" hits="8" branch="false"/>
						<line number="43" hits="4" branch="false"/>
						<line number="47" hits="24" branch="false"/>
						<line number="52" hits="0" branch="true" condition-coverage="0% (0/2)">
							<conditions>
								<condition number="0" type="jump" coverage="0%"/>
							</conditions>
						</line>
						<line number="53" hits="0" branch="true" condition-coverage="0% (0/4)">
							<conditions>
								<condition number="0" type="jump" coverage="0%"/>
								<condition number="1" type="jump" coverage="0%"/>
							</conditions>
						</line>
						<line number="54" hits="0" branch="false"/>
						<line number="55" hits="0" branch="true" condition-coverage="0% (0/6)">
							<conditions>
								<condition number="0" type="jump" coverage="0%"/>
								<condition number="1" type="jump" coverage="0%"/>
								<condition number="2" type="jump" coverage="0%"/>
							</conditions>
						</line>
						<line number="60" hits="0" branch="false"/>
						<line number="65" hits="0" branch="false"/>
					</lines>
				</class>
			</classes>
		</package>
	</packages>
</coverage>
